[0.127s] DEBUG:colcon:Command line arguments: ['/usr/bin/colcon', 'build', '--symlink-install']
[0.127s] DEBUG:colcon:Parsed command line arguments: Namespace(log_base=None, log_level=None, verb_name='build', build_base='build', install_base='install', merge_install=False, symlink_install=True, test_result_base=None, continue_on_error=False, executor='parallel', parallel_workers=8, event_handlers=None, ignore_user_meta=False, metas=['./colcon.meta'], base_paths=['.'], packages_ignore=None, packages_ignore_regex=None, paths=None, packages_up_to=None, packages_up_to_regex=None, packages_above=None, packages_above_and_dependencies=None, packages_above_depth=None, packages_select_by_dep=None, packages_skip_by_dep=None, packages_skip_up_to=None, packages_select_build_failed=False, packages_skip_build_finished=False, packages_select_test_failures=False, packages_skip_test_passed=False, packages_select=None, packages_skip=None, packages_select_regex=None, packages_skip_regex=None, packages_start=None, packages_end=None, allow_overriding=[], cmake_args=None, cmake_target=None, cmake_target_skip_unavailable=False, cmake_clean_cache=False, cmake_clean_first=False, cmake_force_configure=False, ament_cmake_args=None, catkin_cmake_args=None, catkin_skip_building_tests=False, mixin_files=None, mixin=None, verb_parser=<colcon_mixin.mixin.mixin_argument.MixinArgumentDecorator object at 0x744344793aa0>, verb_extension=<colcon_core.verb.build.BuildVerb object at 0x7443448c7fe0>, main=<bound method BuildVerb.main of <colcon_core.verb.build.BuildVerb object at 0x7443448c7fe0>>, mixin_verb=('build',))
[0.197s] Level 1:colcon.colcon_core.package_discovery:discover_packages(colcon_meta) check parameters
[0.198s] Level 1:colcon.colcon_core.package_discovery:discover_packages(recursive) check parameters
[0.198s] Level 1:colcon.colcon_core.package_discovery:discover_packages(ignore) check parameters
[0.198s] Level 1:colcon.colcon_core.package_discovery:discover_packages(path) check parameters
[0.198s] Level 1:colcon.colcon_core.package_discovery:discover_packages(colcon_meta) discover
[0.198s] Level 1:colcon.colcon_core.package_discovery:discover_packages(recursive) discover
[0.198s] INFO:colcon.colcon_core.package_discovery:Crawling recursively for packages in '/home/eath/my_ros_bot'
[0.198s] Level 1:colcon.colcon_core.package_identification:_identify(.) by extensions ['ignore', 'ignore_ament_install']
[0.198s] Level 1:colcon.colcon_core.package_identification:_identify(.) by extension 'ignore'
[0.198s] Level 1:colcon.colcon_core.package_identification:_identify(.) by extension 'ignore_ament_install'
[0.198s] Level 1:colcon.colcon_core.package_identification:_identify(.) by extensions ['colcon_pkg']
[0.198s] Level 1:colcon.colcon_core.package_identification:_identify(.) by extension 'colcon_pkg'
[0.198s] Level 1:colcon.colcon_core.package_identification:_identify(.) by extensions ['colcon_meta']
[0.198s] Level 1:colcon.colcon_core.package_identification:_identify(.) by extension 'colcon_meta'
[0.198s] Level 1:colcon.colcon_core.package_identification:_identify(.) by extensions ['ros']
[0.198s] Level 1:colcon.colcon_core.package_identification:_identify(.) by extension 'ros'
[0.230s] Level 1:colcon.colcon_core.package_identification:_identify(.) by extensions ['cmake', 'python']
[0.230s] Level 1:colcon.colcon_core.package_identification:_identify(.) by extension 'cmake'
[0.230s] Level 1:colcon.colcon_core.package_identification:_identify(.) by extension 'python'
[0.230s] Level 1:colcon.colcon_core.package_identification:_identify(.) by extensions ['python_setup_py']
[0.230s] Level 1:colcon.colcon_core.package_identification:_identify(.) by extension 'python_setup_py'
[0.230s] Level 1:colcon.colcon_core.package_identification:_identify(arduino_ros) by extensions ['ignore', 'ignore_ament_install']
[0.230s] Level 1:colcon.colcon_core.package_identification:_identify(arduino_ros) by extension 'ignore'
[0.230s] Level 1:colcon.colcon_core.package_identification:_identify(arduino_ros) by extension 'ignore_ament_install'
[0.231s] Level 1:colcon.colcon_core.package_identification:_identify(arduino_ros) by extensions ['colcon_pkg']
[0.231s] Level 1:colcon.colcon_core.package_identification:_identify(arduino_ros) by extension 'colcon_pkg'
[0.231s] Level 1:colcon.colcon_core.package_identification:_identify(arduino_ros) by extensions ['colcon_meta']
[0.231s] Level 1:colcon.colcon_core.package_identification:_identify(arduino_ros) by extension 'colcon_meta'
[0.231s] Level 1:colcon.colcon_core.package_identification:_identify(arduino_ros) by extensions ['ros']
[0.231s] Level 1:colcon.colcon_core.package_identification:_identify(arduino_ros) by extension 'ros'
[0.234s] DEBUG:colcon.colcon_core.package_identification:Package 'arduino_ros' with type 'ros.ament_python' and name 'arduino_ros'
[0.234s] Level 1:colcon.colcon_core.package_identification:_identify(build) by extensions ['ignore', 'ignore_ament_install']
[0.234s] Level 1:colcon.colcon_core.package_identification:_identify(build) by extension 'ignore'
[0.234s] Level 1:colcon.colcon_core.package_identification:_identify(build) ignored
[0.234s] Level 1:colcon.colcon_core.package_identification:_identify(install) by extensions ['ignore', 'ignore_ament_install']
[0.234s] Level 1:colcon.colcon_core.package_identification:_identify(install) by extension 'ignore'
[0.234s] Level 1:colcon.colcon_core.package_identification:_identify(install) ignored
[0.234s] Level 1:colcon.colcon_core.package_identification:_identify(log) by extensions ['ignore', 'ignore_ament_install']
[0.234s] Level 1:colcon.colcon_core.package_identification:_identify(log) by extension 'ignore'
[0.235s] Level 1:colcon.colcon_core.package_identification:_identify(log) ignored
[0.235s] Level 1:colcon.colcon_core.package_identification:_identify(move_base) by extensions ['ignore', 'ignore_ament_install']
[0.235s] Level 1:colcon.colcon_core.package_identification:_identify(move_base) by extension 'ignore'
[0.235s] Level 1:colcon.colcon_core.package_identification:_identify(move_base) by extension 'ignore_ament_install'
[0.235s] Level 1:colcon.colcon_core.package_identification:_identify(move_base) by extensions ['colcon_pkg']
[0.235s] Level 1:colcon.colcon_core.package_identification:_identify(move_base) by extension 'colcon_pkg'
[0.235s] Level 1:colcon.colcon_core.package_identification:_identify(move_base) by extensions ['colcon_meta']
[0.235s] Level 1:colcon.colcon_core.package_identification:_identify(move_base) by extension 'colcon_meta'
[0.235s] Level 1:colcon.colcon_core.package_identification:_identify(move_base) by extensions ['ros']
[0.235s] Level 1:colcon.colcon_core.package_identification:_identify(move_base) by extension 'ros'
[0.236s] DEBUG:colcon.colcon_core.package_identification:Package 'move_base' with type 'ros.ament_python' and name 'move_base'
[0.236s] Level 1:colcon.colcon_core.package_identification:_identify(ros_bot_camera) by extensions ['ignore', 'ignore_ament_install']
[0.236s] Level 1:colcon.colcon_core.package_identification:_identify(ros_bot_camera) by extension 'ignore'
[0.236s] Level 1:colcon.colcon_core.package_identification:_identify(ros_bot_camera) by extension 'ignore_ament_install'
[0.236s] Level 1:colcon.colcon_core.package_identification:_identify(ros_bot_camera) by extensions ['colcon_pkg']
[0.236s] Level 1:colcon.colcon_core.package_identification:_identify(ros_bot_camera) by extension 'colcon_pkg'
[0.236s] Level 1:colcon.colcon_core.package_identification:_identify(ros_bot_camera) by extensions ['colcon_meta']
[0.236s] Level 1:colcon.colcon_core.package_identification:_identify(ros_bot_camera) by extension 'colcon_meta'
[0.236s] Level 1:colcon.colcon_core.package_identification:_identify(ros_bot_camera) by extensions ['ros']
[0.237s] Level 1:colcon.colcon_core.package_identification:_identify(ros_bot_camera) by extension 'ros'
[0.237s] DEBUG:colcon.colcon_core.package_identification:Package 'ros_bot_camera' with type 'ros.ament_python' and name 'ros_bot_camera'
[0.237s] Level 1:colcon.colcon_core.package_discovery:discover_packages(recursive) using defaults
[0.238s] Level 1:colcon.colcon_core.package_discovery:discover_packages(ignore) discover
[0.238s] Level 1:colcon.colcon_core.package_discovery:discover_packages(ignore) using defaults
[0.238s] Level 1:colcon.colcon_core.package_discovery:discover_packages(path) discover
[0.238s] Level 1:colcon.colcon_core.package_discovery:discover_packages(path) using defaults
[0.260s] Level 1:colcon.colcon_core.package_discovery:discover_packages(prefix_path) check parameters
[0.261s] Level 1:colcon.colcon_core.package_discovery:discover_packages(prefix_path) discover
[0.273s] DEBUG:colcon.colcon_installed_package_information.package_discovery:Found 3 installed packages in /home/eath/my_ros_bot/install
[0.277s] DEBUG:colcon.colcon_installed_package_information.package_discovery:Found 389 installed packages in /opt/ros/jazzy
[0.278s] Level 1:colcon.colcon_core.package_discovery:discover_packages(prefix_path) using defaults
[0.411s] Level 5:colcon.colcon_core.verb:set package 'arduino_ros' build argument 'cmake_args' from command line to 'None'
[0.411s] Level 5:colcon.colcon_core.verb:set package 'arduino_ros' build argument 'cmake_target' from command line to 'None'
[0.411s] Level 5:colcon.colcon_core.verb:set package 'arduino_ros' build argument 'cmake_target_skip_unavailable' from command line to 'False'
[0.411s] Level 5:colcon.colcon_core.verb:set package 'arduino_ros' build argument 'cmake_clean_cache' from command line to 'False'
[0.411s] Level 5:colcon.colcon_core.verb:set package 'arduino_ros' build argument 'cmake_clean_first' from command line to 'False'
[0.411s] Level 5:colcon.colcon_core.verb:set package 'arduino_ros' build argument 'cmake_force_configure' from command line to 'False'
[0.411s] Level 5:colcon.colcon_core.verb:set package 'arduino_ros' build argument 'ament_cmake_args' from command line to 'None'
[0.411s] Level 5:colcon.colcon_core.verb:set package 'arduino_ros' build argument 'catkin_cmake_args' from command line to 'None'
[0.411s] Level 5:colcon.colcon_core.verb:set package 'arduino_ros' build argument 'catkin_skip_building_tests' from command line to 'False'
[0.411s] DEBUG:colcon.colcon_core.verb:Building package 'arduino_ros' with the following arguments: {'ament_cmake_args': None, 'build_base': '/home/eath/my_ros_bot/build/arduino_ros', 'catkin_cmake_args': None, 'catkin_skip_building_tests': False, 'cmake_args': None, 'cmake_clean_cache': False, 'cmake_clean_first': False, 'cmake_force_configure': False, 'cmake_target': None, 'cmake_target_skip_unavailable': False, 'install_base': '/home/eath/my_ros_bot/install/arduino_ros', 'merge_install': False, 'path': '/home/eath/my_ros_bot/arduino_ros', 'symlink_install': True, 'test_result_base': None}
[0.411s] Level 5:colcon.colcon_core.verb:set package 'move_base' build argument 'cmake_args' from command line to 'None'
[0.412s] Level 5:colcon.colcon_core.verb:set package 'move_base' build argument 'cmake_target' from command line to 'None'
[0.412s] Level 5:colcon.colcon_core.verb:set package 'move_base' build argument 'cmake_target_skip_unavailable' from command line to 'False'
[0.412s] Level 5:colcon.colcon_core.verb:set package 'move_base' build argument 'cmake_clean_cache' from command line to 'False'
[0.412s] Level 5:colcon.colcon_core.verb:set package 'move_base' build argument 'cmake_clean_first' from command line to 'False'
[0.412s] Level 5:colcon.colcon_core.verb:set package 'move_base' build argument 'cmake_force_configure' from command line to 'False'
[0.412s] Level 5:colcon.colcon_core.verb:set package 'move_base' build argument 'ament_cmake_args' from command line to 'None'
[0.412s] Level 5:colcon.colcon_core.verb:set package 'move_base' build argument 'catkin_cmake_args' from command line to 'None'
[0.412s] Level 5:colcon.colcon_core.verb:set package 'move_base' build argument 'catkin_skip_building_tests' from command line to 'False'
[0.412s] DEBUG:colcon.colcon_core.verb:Building package 'move_base' with the following arguments: {'ament_cmake_args': None, 'build_base': '/home/eath/my_ros_bot/build/move_base', 'catkin_cmake_args': None, 'catkin_skip_building_tests': False, 'cmake_args': None, 'cmake_clean_cache': False, 'cmake_clean_first': False, 'cmake_force_configure': False, 'cmake_target': None, 'cmake_target_skip_unavailable': False, 'install_base': '/home/eath/my_ros_bot/install/move_base', 'merge_install': False, 'path': '/home/eath/my_ros_bot/move_base', 'symlink_install': True, 'test_result_base': None}
[0.412s] Level 5:colcon.colcon_core.verb:set package 'ros_bot_camera' build argument 'cmake_args' from command line to 'None'
[0.412s] Level 5:colcon.colcon_core.verb:set package 'ros_bot_camera' build argument 'cmake_target' from command line to 'None'
[0.412s] Level 5:colcon.colcon_core.verb:set package 'ros_bot_camera' build argument 'cmake_target_skip_unavailable' from command line to 'False'
[0.412s] Level 5:colcon.colcon_core.verb:set package 'ros_bot_camera' build argument 'cmake_clean_cache' from command line to 'False'
[0.412s] Level 5:colcon.colcon_core.verb:set package 'ros_bot_camera' build argument 'cmake_clean_first' from command line to 'False'
[0.412s] Level 5:colcon.colcon_core.verb:set package 'ros_bot_camera' build argument 'cmake_force_configure' from command line to 'False'
[0.412s] Level 5:colcon.colcon_core.verb:set package 'ros_bot_camera' build argument 'ament_cmake_args' from command line to 'None'
[0.412s] Level 5:colcon.colcon_core.verb:set package 'ros_bot_camera' build argument 'catkin_cmake_args' from command line to 'None'
[0.412s] Level 5:colcon.colcon_core.verb:set package 'ros_bot_camera' build argument 'catkin_skip_building_tests' from command line to 'False'
[0.412s] DEBUG:colcon.colcon_core.verb:Building package 'ros_bot_camera' with the following arguments: {'ament_cmake_args': None, 'build_base': '/home/eath/my_ros_bot/build/ros_bot_camera', 'catkin_cmake_args': None, 'catkin_skip_building_tests': False, 'cmake_args': None, 'cmake_clean_cache': False, 'cmake_clean_first': False, 'cmake_force_configure': False, 'cmake_target': None, 'cmake_target_skip_unavailable': False, 'install_base': '/home/eath/my_ros_bot/install/ros_bot_camera', 'merge_install': False, 'path': '/home/eath/my_ros_bot/ros_bot_camera', 'symlink_install': True, 'test_result_base': None}
[0.412s] INFO:colcon.colcon_core.executor:Executing jobs using 'parallel' executor
[0.413s] DEBUG:colcon.colcon_parallel_executor.executor.parallel:run_until_complete
[0.413s] INFO:colcon.colcon_ros.task.ament_python.build:Building ROS package in '/home/eath/my_ros_bot/arduino_ros' with build type 'ament_python'
[0.413s] Level 1:colcon.colcon_core.shell:create_environment_hook('arduino_ros', 'ament_prefix_path')
[0.417s] INFO:colcon.colcon_core.plugin_system:Skipping extension 'colcon_core.shell.bat': Not used on non-Windows systems
[0.417s] INFO:colcon.colcon_core.shell:Creating environment hook '/home/eath/my_ros_bot/install/arduino_ros/share/arduino_ros/hook/ament_prefix_path.ps1'
[0.418s] INFO:colcon.colcon_core.shell:Creating environment descriptor '/home/eath/my_ros_bot/install/arduino_ros/share/arduino_ros/hook/ament_prefix_path.dsv'
[0.418s] INFO:colcon.colcon_core.shell:Creating environment hook '/home/eath/my_ros_bot/install/arduino_ros/share/arduino_ros/hook/ament_prefix_path.sh'
[0.419s] INFO:colcon.colcon_core.shell:Skip shell extension 'powershell' for command environment: Not usable outside of PowerShell
[0.419s] DEBUG:colcon.colcon_core.shell:Skip shell extension 'dsv' for command environment
[0.425s] INFO:colcon.colcon_ros.task.ament_python.build:Building ROS package in '/home/eath/my_ros_bot/move_base' with build type 'ament_python'
[0.426s] Level 1:colcon.colcon_core.shell:create_environment_hook('move_base', 'ament_prefix_path')
[0.426s] INFO:colcon.colcon_core.shell:Creating environment hook '/home/eath/my_ros_bot/install/move_base/share/move_base/hook/ament_prefix_path.ps1'
[0.427s] INFO:colcon.colcon_core.shell:Creating environment descriptor '/home/eath/my_ros_bot/install/move_base/share/move_base/hook/ament_prefix_path.dsv'
[0.427s] INFO:colcon.colcon_core.shell:Creating environment hook '/home/eath/my_ros_bot/install/move_base/share/move_base/hook/ament_prefix_path.sh'
[0.428s] INFO:colcon.colcon_core.shell:Skip shell extension 'powershell' for command environment: Not usable outside of PowerShell
[0.428s] DEBUG:colcon.colcon_core.shell:Skip shell extension 'dsv' for command environment
[0.434s] INFO:colcon.colcon_ros.task.ament_python.build:Building ROS package in '/home/eath/my_ros_bot/ros_bot_camera' with build type 'ament_python'
[0.434s] Level 1:colcon.colcon_core.shell:create_environment_hook('ros_bot_camera', 'ament_prefix_path')
[0.434s] INFO:colcon.colcon_core.shell:Creating environment hook '/home/eath/my_ros_bot/install/ros_bot_camera/share/ros_bot_camera/hook/ament_prefix_path.ps1'
[0.435s] INFO:colcon.colcon_core.shell:Creating environment descriptor '/home/eath/my_ros_bot/install/ros_bot_camera/share/ros_bot_camera/hook/ament_prefix_path.dsv'
[0.436s] INFO:colcon.colcon_core.shell:Creating environment hook '/home/eath/my_ros_bot/install/ros_bot_camera/share/ros_bot_camera/hook/ament_prefix_path.sh'
[0.437s] INFO:colcon.colcon_core.shell:Skip shell extension 'powershell' for command environment: Not usable outside of PowerShell
[0.437s] DEBUG:colcon.colcon_core.shell:Skip shell extension 'dsv' for command environment
[0.710s] INFO:colcon.colcon_core.task.python.build:Building Python package in '/home/eath/my_ros_bot/arduino_ros'
[0.710s] INFO:colcon.colcon_core.shell:Skip shell extension 'powershell' for command environment: Not usable outside of PowerShell
[0.710s] DEBUG:colcon.colcon_core.shell:Skip shell extension 'dsv' for command environment
[0.991s] INFO:colcon.colcon_core.task.python.build:Building Python package in '/home/eath/my_ros_bot/move_base'
[0.992s] INFO:colcon.colcon_core.shell:Skip shell extension 'powershell' for command environment: Not usable outside of PowerShell
[0.992s] DEBUG:colcon.colcon_core.shell:Skip shell extension 'dsv' for command environment
[1.266s] INFO:colcon.colcon_core.task.python.build:Building Python package in '/home/eath/my_ros_bot/ros_bot_camera'
[1.266s] INFO:colcon.colcon_core.shell:Skip shell extension 'powershell' for command environment: Not usable outside of PowerShell
[1.266s] DEBUG:colcon.colcon_core.shell:Skip shell extension 'dsv' for command environment
[2.197s] DEBUG:colcon.colcon_core.event_handler.log_command:Invoking command in '/home/eath/my_ros_bot/build/ros_bot_camera': DEBUGINFOD_URLS=https://debuginfod.ubuntu.com PYTHONPATH=/home/eath/my_ros_bot/build/ros_bot_camera/prefix_override:/usr/lib/python3/dist-packages/colcon_core/task/python/colcon_distutils_commands:/home/eath/my_ros_bot/install/ros_bot_camera/lib/python3.12/site-packages:${PYTHONPATH} /usr/bin/python3 -W ignore:setup.py install is deprecated -W ignore:easy_install command is deprecated setup.py develop --editable --build-directory /home/eath/my_ros_bot/build/ros_bot_camera/build --no-deps symlink_data
[2.211s] DEBUG:colcon.colcon_core.event_handler.log_command:Invoking command in '/home/eath/my_ros_bot/build/arduino_ros': DEBUGINFOD_URLS=https://debuginfod.ubuntu.com PYTHONPATH=/home/eath/my_ros_bot/build/arduino_ros/prefix_override:/usr/lib/python3/dist-packages/colcon_core/task/python/colcon_distutils_commands:/home/eath/my_ros_bot/install/arduino_ros/lib/python3.12/site-packages:${PYTHONPATH} /usr/bin/python3 -W ignore:setup.py install is deprecated -W ignore:easy_install command is deprecated setup.py develop --editable --build-directory /home/eath/my_ros_bot/build/arduino_ros/build --no-deps symlink_data
[2.215s] DEBUG:colcon.colcon_core.event_handler.log_command:Invoking command in '/home/eath/my_ros_bot/build/move_base': DEBUGINFOD_URLS=https://debuginfod.ubuntu.com PYTHONPATH=/home/eath/my_ros_bot/build/move_base/prefix_override:/usr/lib/python3/dist-packages/colcon_core/task/python/colcon_distutils_commands:/home/eath/my_ros_bot/install/move_base/lib/python3.12/site-packages:${PYTHONPATH} /usr/bin/python3 -W ignore:setup.py install is deprecated -W ignore:easy_install command is deprecated setup.py develop --editable --build-directory /home/eath/my_ros_bot/build/move_base/build --no-deps symlink_data
[3.057s] Level 1:colcon.colcon_core.shell:create_environment_hook('ros_bot_camera', 'pythonpath_develop')
[3.057s] INFO:colcon.colcon_core.shell:Creating environment hook '/home/eath/my_ros_bot/build/ros_bot_camera/share/ros_bot_camera/hook/pythonpath_develop.ps1'
[3.058s] DEBUG:colcon.colcon_core.event_handler.log_command:Invoked command in '/home/eath/my_ros_bot/build/ros_bot_camera' returned '0': DEBUGINFOD_URLS=https://debuginfod.ubuntu.com PYTHONPATH=/home/eath/my_ros_bot/build/ros_bot_camera/prefix_override:/usr/lib/python3/dist-packages/colcon_core/task/python/colcon_distutils_commands:/home/eath/my_ros_bot/install/ros_bot_camera/lib/python3.12/site-packages:${PYTHONPATH} /usr/bin/python3 -W ignore:setup.py install is deprecated -W ignore:easy_install command is deprecated setup.py develop --editable --build-directory /home/eath/my_ros_bot/build/ros_bot_camera/build --no-deps symlink_data
[3.059s] INFO:colcon.colcon_core.shell:Creating environment descriptor '/home/eath/my_ros_bot/build/ros_bot_camera/share/ros_bot_camera/hook/pythonpath_develop.dsv'
[3.060s] INFO:colcon.colcon_core.shell:Creating environment hook '/home/eath/my_ros_bot/build/ros_bot_camera/share/ros_bot_camera/hook/pythonpath_develop.sh'
[3.066s] Level 1:colcon.colcon_core.environment:checking '/home/eath/my_ros_bot/install/ros_bot_camera' for CMake module files
[3.067s] Level 1:colcon.colcon_core.environment:checking '/home/eath/my_ros_bot/install/ros_bot_camera' for CMake config files
[3.068s] Level 1:colcon.colcon_core.environment:checking '/home/eath/my_ros_bot/install/ros_bot_camera/lib'
[3.068s] Level 1:colcon.colcon_core.environment:checking '/home/eath/my_ros_bot/install/ros_bot_camera/bin'
[3.068s] Level 1:colcon.colcon_core.environment:checking '/home/eath/my_ros_bot/install/ros_bot_camera/lib/pkgconfig/ros_bot_camera.pc'
[3.069s] Level 1:colcon.colcon_core.environment:checking '/home/eath/my_ros_bot/install/ros_bot_camera/lib/python3.12/site-packages'
[3.069s] Level 1:colcon.colcon_core.shell:create_environment_hook('ros_bot_camera', 'pythonpath')
[3.069s] INFO:colcon.colcon_core.shell:Creating environment hook '/home/eath/my_ros_bot/install/ros_bot_camera/share/ros_bot_camera/hook/pythonpath.ps1'
[3.070s] INFO:colcon.colcon_core.shell:Creating environment descriptor '/home/eath/my_ros_bot/install/ros_bot_camera/share/ros_bot_camera/hook/pythonpath.dsv'
[3.070s] INFO:colcon.colcon_core.shell:Creating environment hook '/home/eath/my_ros_bot/install/ros_bot_camera/share/ros_bot_camera/hook/pythonpath.sh'
[3.071s] Level 1:colcon.colcon_core.environment:checking '/home/eath/my_ros_bot/install/ros_bot_camera/bin'
[3.071s] Level 1:colcon.colcon_core.environment:create_environment_scripts_only(ros_bot_camera)
[3.072s] INFO:colcon.colcon_core.shell:Creating package script '/home/eath/my_ros_bot/install/ros_bot_camera/share/ros_bot_camera/package.ps1'
[3.073s] INFO:colcon.colcon_core.shell:Creating package descriptor '/home/eath/my_ros_bot/install/ros_bot_camera/share/ros_bot_camera/package.dsv'
[3.074s] INFO:colcon.colcon_core.shell:Creating package script '/home/eath/my_ros_bot/install/ros_bot_camera/share/ros_bot_camera/package.sh'
[3.075s] INFO:colcon.colcon_core.shell:Creating package script '/home/eath/my_ros_bot/install/ros_bot_camera/share/ros_bot_camera/package.bash'
[3.076s] INFO:colcon.colcon_core.shell:Creating package script '/home/eath/my_ros_bot/install/ros_bot_camera/share/ros_bot_camera/package.zsh'
[3.077s] Level 1:colcon.colcon_core.environment:create_file_with_runtime_dependencies(/home/eath/my_ros_bot/install/ros_bot_camera/share/colcon-core/packages/ros_bot_camera)
[3.078s] Level 1:colcon.colcon_core.shell:create_environment_hook('move_base', 'pythonpath_develop')
[3.078s] INFO:colcon.colcon_core.shell:Creating environment hook '/home/eath/my_ros_bot/build/move_base/share/move_base/hook/pythonpath_develop.ps1'
[3.080s] INFO:colcon.colcon_core.shell:Creating environment descriptor '/home/eath/my_ros_bot/build/move_base/share/move_base/hook/pythonpath_develop.dsv'
[3.080s] DEBUG:colcon.colcon_core.event_handler.log_command:Invoked command in '/home/eath/my_ros_bot/build/move_base' returned '0': DEBUGINFOD_URLS=https://debuginfod.ubuntu.com PYTHONPATH=/home/eath/my_ros_bot/build/move_base/prefix_override:/usr/lib/python3/dist-packages/colcon_core/task/python/colcon_distutils_commands:/home/eath/my_ros_bot/install/move_base/lib/python3.12/site-packages:${PYTHONPATH} /usr/bin/python3 -W ignore:setup.py install is deprecated -W ignore:easy_install command is deprecated setup.py develop --editable --build-directory /home/eath/my_ros_bot/build/move_base/build --no-deps symlink_data
[3.081s] INFO:colcon.colcon_core.shell:Creating environment hook '/home/eath/my_ros_bot/build/move_base/share/move_base/hook/pythonpath_develop.sh'
[3.081s] Level 1:colcon.colcon_core.environment:checking '/home/eath/my_ros_bot/install/move_base' for CMake module files
[3.082s] Level 1:colcon.colcon_core.environment:checking '/home/eath/my_ros_bot/install/move_base' for CMake config files
[3.083s] Level 1:colcon.colcon_core.environment:checking '/home/eath/my_ros_bot/install/move_base/lib'
[3.083s] Level 1:colcon.colcon_core.environment:checking '/home/eath/my_ros_bot/install/move_base/bin'
[3.083s] Level 1:colcon.colcon_core.environment:checking '/home/eath/my_ros_bot/install/move_base/lib/pkgconfig/move_base.pc'
[3.084s] Level 1:colcon.colcon_core.environment:checking '/home/eath/my_ros_bot/install/move_base/lib/python3.12/site-packages'
[3.084s] Level 1:colcon.colcon_core.shell:create_environment_hook('move_base', 'pythonpath')
[3.084s] INFO:colcon.colcon_core.shell:Creating environment hook '/home/eath/my_ros_bot/install/move_base/share/move_base/hook/pythonpath.ps1'
[3.085s] INFO:colcon.colcon_core.shell:Creating environment descriptor '/home/eath/my_ros_bot/install/move_base/share/move_base/hook/pythonpath.dsv'
[3.085s] INFO:colcon.colcon_core.shell:Creating environment hook '/home/eath/my_ros_bot/install/move_base/share/move_base/hook/pythonpath.sh'
[3.087s] Level 1:colcon.colcon_core.environment:checking '/home/eath/my_ros_bot/install/move_base/bin'
[3.088s] Level 1:colcon.colcon_core.environment:create_environment_scripts_only(move_base)
[3.089s] INFO:colcon.colcon_core.shell:Creating package script '/home/eath/my_ros_bot/install/move_base/share/move_base/package.ps1'
[3.090s] INFO:colcon.colcon_core.shell:Creating package descriptor '/home/eath/my_ros_bot/install/move_base/share/move_base/package.dsv'
[3.091s] INFO:colcon.colcon_core.shell:Creating package script '/home/eath/my_ros_bot/install/move_base/share/move_base/package.sh'
[3.092s] INFO:colcon.colcon_core.shell:Creating package script '/home/eath/my_ros_bot/install/move_base/share/move_base/package.bash'
[3.092s] INFO:colcon.colcon_core.shell:Creating package script '/home/eath/my_ros_bot/install/move_base/share/move_base/package.zsh'
[3.093s] Level 1:colcon.colcon_core.environment:create_file_with_runtime_dependencies(/home/eath/my_ros_bot/install/move_base/share/colcon-core/packages/move_base)
[3.094s] Level 1:colcon.colcon_core.shell:create_environment_hook('arduino_ros', 'pythonpath_develop')
[3.095s] INFO:colcon.colcon_core.shell:Creating environment hook '/home/eath/my_ros_bot/build/arduino_ros/share/arduino_ros/hook/pythonpath_develop.ps1'
[3.096s] INFO:colcon.colcon_core.shell:Creating environment descriptor '/home/eath/my_ros_bot/build/arduino_ros/share/arduino_ros/hook/pythonpath_develop.dsv'
[3.097s] DEBUG:colcon.colcon_core.event_handler.log_command:Invoked command in '/home/eath/my_ros_bot/build/arduino_ros' returned '0': DEBUGINFOD_URLS=https://debuginfod.ubuntu.com PYTHONPATH=/home/eath/my_ros_bot/build/arduino_ros/prefix_override:/usr/lib/python3/dist-packages/colcon_core/task/python/colcon_distutils_commands:/home/eath/my_ros_bot/install/arduino_ros/lib/python3.12/site-packages:${PYTHONPATH} /usr/bin/python3 -W ignore:setup.py install is deprecated -W ignore:easy_install command is deprecated setup.py develop --editable --build-directory /home/eath/my_ros_bot/build/arduino_ros/build --no-deps symlink_data
[3.099s] INFO:colcon.colcon_core.shell:Creating environment hook '/home/eath/my_ros_bot/build/arduino_ros/share/arduino_ros/hook/pythonpath_develop.sh'
[3.100s] Level 1:colcon.colcon_core.environment:checking '/home/eath/my_ros_bot/install/arduino_ros' for CMake module files
[3.102s] Level 1:colcon.colcon_core.environment:checking '/home/eath/my_ros_bot/install/arduino_ros' for CMake config files
[3.103s] Level 1:colcon.colcon_core.environment:checking '/home/eath/my_ros_bot/install/arduino_ros/lib'
[3.103s] Level 1:colcon.colcon_core.environment:checking '/home/eath/my_ros_bot/install/arduino_ros/bin'
[3.103s] Level 1:colcon.colcon_core.environment:checking '/home/eath/my_ros_bot/install/arduino_ros/lib/pkgconfig/arduino_ros.pc'
[3.104s] Level 1:colcon.colcon_core.environment:checking '/home/eath/my_ros_bot/install/arduino_ros/lib/python3.12/site-packages'
[3.104s] Level 1:colcon.colcon_core.shell:create_environment_hook('arduino_ros', 'pythonpath')
[3.104s] INFO:colcon.colcon_core.shell:Creating environment hook '/home/eath/my_ros_bot/install/arduino_ros/share/arduino_ros/hook/pythonpath.ps1'
[3.105s] INFO:colcon.colcon_core.shell:Creating environment descriptor '/home/eath/my_ros_bot/install/arduino_ros/share/arduino_ros/hook/pythonpath.dsv'
[3.106s] INFO:colcon.colcon_core.shell:Creating environment hook '/home/eath/my_ros_bot/install/arduino_ros/share/arduino_ros/hook/pythonpath.sh'
[3.107s] Level 1:colcon.colcon_core.environment:checking '/home/eath/my_ros_bot/install/arduino_ros/bin'
[3.107s] Level 1:colcon.colcon_core.environment:create_environment_scripts_only(arduino_ros)
[3.107s] INFO:colcon.colcon_core.shell:Creating package script '/home/eath/my_ros_bot/install/arduino_ros/share/arduino_ros/package.ps1'
[3.108s] INFO:colcon.colcon_core.shell:Creating package descriptor '/home/eath/my_ros_bot/install/arduino_ros/share/arduino_ros/package.dsv'
[3.109s] INFO:colcon.colcon_core.shell:Creating package script '/home/eath/my_ros_bot/install/arduino_ros/share/arduino_ros/package.sh'
[3.110s] INFO:colcon.colcon_core.shell:Creating package script '/home/eath/my_ros_bot/install/arduino_ros/share/arduino_ros/package.bash'
[3.110s] INFO:colcon.colcon_core.shell:Creating package script '/home/eath/my_ros_bot/install/arduino_ros/share/arduino_ros/package.zsh'
[3.111s] Level 1:colcon.colcon_core.environment:create_file_with_runtime_dependencies(/home/eath/my_ros_bot/install/arduino_ros/share/colcon-core/packages/arduino_ros)
[3.111s] DEBUG:colcon.colcon_parallel_executor.executor.parallel:closing loop
[3.112s] DEBUG:colcon.colcon_parallel_executor.executor.parallel:loop closed
[3.112s] DEBUG:colcon.colcon_parallel_executor.executor.parallel:run_until_complete finished with '0'
[3.112s] DEBUG:colcon.colcon_core.event_reactor:joining thread
[3.124s] INFO:colcon.colcon_core.plugin_system:Skipping extension 'colcon_notification.desktop_notification.terminal_notifier': Not used on non-Darwin systems
[3.125s] INFO:colcon.colcon_core.plugin_system:Skipping extension 'colcon_notification.desktop_notification.win32': Not used on non-Windows systems
[3.125s] INFO:colcon.colcon_notification.desktop_notification:Sending desktop notification using 'notify2'
[3.182s] DEBUG:colcon.colcon_core.event_reactor:joined thread
[3.182s] INFO:colcon.colcon_core.shell:Creating prefix script '/home/eath/my_ros_bot/install/local_setup.ps1'
[3.184s] INFO:colcon.colcon_core.shell:Creating prefix util module '/home/eath/my_ros_bot/install/_local_setup_util_ps1.py'
[3.186s] INFO:colcon.colcon_core.shell:Creating prefix chain script '/home/eath/my_ros_bot/install/setup.ps1'
[3.188s] INFO:colcon.colcon_core.shell:Creating prefix script '/home/eath/my_ros_bot/install/local_setup.sh'
[3.189s] INFO:colcon.colcon_core.shell:Creating prefix util module '/home/eath/my_ros_bot/install/_local_setup_util_sh.py'
[3.189s] INFO:colcon.colcon_core.shell:Creating prefix chain script '/home/eath/my_ros_bot/install/setup.sh'
[3.191s] INFO:colcon.colcon_core.shell:Creating prefix script '/home/eath/my_ros_bot/install/local_setup.bash'
[3.192s] INFO:colcon.colcon_core.shell:Creating prefix chain script '/home/eath/my_ros_bot/install/setup.bash'
[3.194s] INFO:colcon.colcon_core.shell:Creating prefix script '/home/eath/my_ros_bot/install/local_setup.zsh'
[3.194s] INFO:colcon.colcon_core.shell:Creating prefix chain script '/home/eath/my_ros_bot/install/setup.zsh'
