[0.222s] DEBUG:colcon:Command line arguments: ['/usr/bin/colcon', 'build', '--symlink-install']
[0.222s] DEBUG:colcon:Parsed command line arguments: Namespace(log_base=None, log_level=None, verb_name='build', build_base='build', install_base='install', merge_install=False, symlink_install=True, test_result_base=None, continue_on_error=False, executor='parallel', parallel_workers=8, event_handlers=None, ignore_user_meta=False, metas=['./colcon.meta'], base_paths=['.'], packages_ignore=None, packages_ignore_regex=None, paths=None, packages_up_to=None, packages_up_to_regex=None, packages_above=None, packages_above_and_dependencies=None, packages_above_depth=None, packages_select_by_dep=None, packages_skip_by_dep=None, packages_skip_up_to=None, packages_select_build_failed=False, packages_skip_build_finished=False, packages_select_test_failures=False, packages_skip_test_passed=False, packages_select=None, packages_skip=None, packages_select_regex=None, packages_skip_regex=None, packages_start=None, packages_end=None, allow_overriding=[], cmake_args=None, cmake_target=None, cmake_target_skip_unavailable=False, cmake_clean_cache=False, cmake_clean_first=False, cmake_force_configure=False, ament_cmake_args=None, catkin_cmake_args=None, catkin_skip_building_tests=False, mixin_files=None, mixin=None, verb_parser=<colcon_mixin.mixin.mixin_argument.MixinArgumentDecorator object at 0x7b9aecb5b1a0>, verb_extension=<colcon_core.verb.build.BuildVerb object at 0x7b9aed5c9100>, main=<bound method BuildVerb.main of <colcon_core.verb.build.BuildVerb object at 0x7b9aed5c9100>>, mixin_verb=('build',))
[0.298s] Level 1:colcon.colcon_core.package_discovery:discover_packages(colcon_meta) check parameters
[0.298s] Level 1:colcon.colcon_core.package_discovery:discover_packages(recursive) check parameters
[0.298s] Level 1:colcon.colcon_core.package_discovery:discover_packages(ignore) check parameters
[0.298s] Level 1:colcon.colcon_core.package_discovery:discover_packages(path) check parameters
[0.298s] Level 1:colcon.colcon_core.package_discovery:discover_packages(colcon_meta) discover
[0.299s] Level 1:colcon.colcon_core.package_discovery:discover_packages(recursive) discover
[0.299s] INFO:colcon.colcon_core.package_discovery:Crawling recursively for packages in '/home/eath/my_ros_bot'
[0.299s] Level 1:colcon.colcon_core.package_identification:_identify(.) by extensions ['ignore', 'ignore_ament_install']
[0.299s] Level 1:colcon.colcon_core.package_identification:_identify(.) by extension 'ignore'
[0.299s] Level 1:colcon.colcon_core.package_identification:_identify(.) by extension 'ignore_ament_install'
[0.299s] Level 1:colcon.colcon_core.package_identification:_identify(.) by extensions ['colcon_pkg']
[0.299s] Level 1:colcon.colcon_core.package_identification:_identify(.) by extension 'colcon_pkg'
[0.299s] Level 1:colcon.colcon_core.package_identification:_identify(.) by extensions ['colcon_meta']
[0.299s] Level 1:colcon.colcon_core.package_identification:_identify(.) by extension 'colcon_meta'
[0.299s] Level 1:colcon.colcon_core.package_identification:_identify(.) by extensions ['ros']
[0.299s] Level 1:colcon.colcon_core.package_identification:_identify(.) by extension 'ros'
[0.333s] Level 1:colcon.colcon_core.package_identification:_identify(.) by extensions ['cmake', 'python']
[0.333s] Level 1:colcon.colcon_core.package_identification:_identify(.) by extension 'cmake'
[0.334s] Level 1:colcon.colcon_core.package_identification:_identify(.) by extension 'python'
[0.334s] Level 1:colcon.colcon_core.package_identification:_identify(.) by extensions ['python_setup_py']
[0.334s] Level 1:colcon.colcon_core.package_identification:_identify(.) by extension 'python_setup_py'
[0.334s] Level 1:colcon.colcon_core.package_identification:_identify(arduino_ros) by extensions ['ignore', 'ignore_ament_install']
[0.334s] Level 1:colcon.colcon_core.package_identification:_identify(arduino_ros) by extension 'ignore'
[0.334s] Level 1:colcon.colcon_core.package_identification:_identify(arduino_ros) by extension 'ignore_ament_install'
[0.334s] Level 1:colcon.colcon_core.package_identification:_identify(arduino_ros) by extensions ['colcon_pkg']
[0.334s] Level 1:colcon.colcon_core.package_identification:_identify(arduino_ros) by extension 'colcon_pkg'
[0.334s] Level 1:colcon.colcon_core.package_identification:_identify(arduino_ros) by extensions ['colcon_meta']
[0.334s] Level 1:colcon.colcon_core.package_identification:_identify(arduino_ros) by extension 'colcon_meta'
[0.334s] Level 1:colcon.colcon_core.package_identification:_identify(arduino_ros) by extensions ['ros']
[0.334s] Level 1:colcon.colcon_core.package_identification:_identify(arduino_ros) by extension 'ros'
[0.339s] DEBUG:colcon.colcon_core.package_identification:Package 'arduino_ros' with type 'ros.ament_python' and name 'arduino_ros'
[0.339s] Level 1:colcon.colcon_core.package_identification:_identify(build) by extensions ['ignore', 'ignore_ament_install']
[0.339s] Level 1:colcon.colcon_core.package_identification:_identify(build) by extension 'ignore'
[0.339s] Level 1:colcon.colcon_core.package_identification:_identify(build) ignored
[0.339s] Level 1:colcon.colcon_core.package_identification:_identify(install) by extensions ['ignore', 'ignore_ament_install']
[0.339s] Level 1:colcon.colcon_core.package_identification:_identify(install) by extension 'ignore'
[0.339s] Level 1:colcon.colcon_core.package_identification:_identify(install) ignored
[0.339s] Level 1:colcon.colcon_core.package_identification:_identify(log) by extensions ['ignore', 'ignore_ament_install']
[0.339s] Level 1:colcon.colcon_core.package_identification:_identify(log) by extension 'ignore'
[0.339s] Level 1:colcon.colcon_core.package_identification:_identify(log) ignored
[0.339s] Level 1:colcon.colcon_core.package_identification:_identify(move_base) by extensions ['ignore', 'ignore_ament_install']
[0.339s] Level 1:colcon.colcon_core.package_identification:_identify(move_base) by extension 'ignore'
[0.339s] Level 1:colcon.colcon_core.package_identification:_identify(move_base) by extension 'ignore_ament_install'
[0.340s] Level 1:colcon.colcon_core.package_identification:_identify(move_base) by extensions ['colcon_pkg']
[0.340s] Level 1:colcon.colcon_core.package_identification:_identify(move_base) by extension 'colcon_pkg'
[0.340s] Level 1:colcon.colcon_core.package_identification:_identify(move_base) by extensions ['colcon_meta']
[0.340s] Level 1:colcon.colcon_core.package_identification:_identify(move_base) by extension 'colcon_meta'
[0.340s] Level 1:colcon.colcon_core.package_identification:_identify(move_base) by extensions ['ros']
[0.340s] Level 1:colcon.colcon_core.package_identification:_identify(move_base) by extension 'ros'
[0.340s] DEBUG:colcon.colcon_core.package_identification:Package 'move_base' with type 'ros.ament_python' and name 'move_base'
[0.340s] Level 1:colcon.colcon_core.package_identification:_identify(ros_bot_camera) by extensions ['ignore', 'ignore_ament_install']
[0.341s] Level 1:colcon.colcon_core.package_identification:_identify(ros_bot_camera) by extension 'ignore'
[0.341s] Level 1:colcon.colcon_core.package_identification:_identify(ros_bot_camera) by extension 'ignore_ament_install'
[0.341s] Level 1:colcon.colcon_core.package_identification:_identify(ros_bot_camera) by extensions ['colcon_pkg']
[0.341s] Level 1:colcon.colcon_core.package_identification:_identify(ros_bot_camera) by extension 'colcon_pkg'
[0.341s] Level 1:colcon.colcon_core.package_identification:_identify(ros_bot_camera) by extensions ['colcon_meta']
[0.341s] Level 1:colcon.colcon_core.package_identification:_identify(ros_bot_camera) by extension 'colcon_meta'
[0.341s] Level 1:colcon.colcon_core.package_identification:_identify(ros_bot_camera) by extensions ['ros']
[0.341s] Level 1:colcon.colcon_core.package_identification:_identify(ros_bot_camera) by extension 'ros'
[0.342s] DEBUG:colcon.colcon_core.package_identification:Package 'ros_bot_camera' with type 'ros.ament_python' and name 'ros_bot_camera'
[0.342s] Level 1:colcon.colcon_core.package_discovery:discover_packages(recursive) using defaults
[0.342s] Level 1:colcon.colcon_core.package_discovery:discover_packages(ignore) discover
[0.342s] Level 1:colcon.colcon_core.package_discovery:discover_packages(ignore) using defaults
[0.342s] Level 1:colcon.colcon_core.package_discovery:discover_packages(path) discover
[0.342s] Level 1:colcon.colcon_core.package_discovery:discover_packages(path) using defaults
[0.382s] Level 1:colcon.colcon_core.package_discovery:discover_packages(prefix_path) check parameters
[0.382s] Level 1:colcon.colcon_core.package_discovery:discover_packages(prefix_path) discover
[0.387s] DEBUG:colcon.colcon_installed_package_information.package_discovery:Found 389 installed packages in /opt/ros/jazzy
[0.388s] Level 1:colcon.colcon_core.package_discovery:discover_packages(prefix_path) using defaults
[0.445s] Level 5:colcon.colcon_core.verb:set package 'arduino_ros' build argument 'cmake_args' from command line to 'None'
[0.445s] Level 5:colcon.colcon_core.verb:set package 'arduino_ros' build argument 'cmake_target' from command line to 'None'
[0.445s] Level 5:colcon.colcon_core.verb:set package 'arduino_ros' build argument 'cmake_target_skip_unavailable' from command line to 'False'
[0.445s] Level 5:colcon.colcon_core.verb:set package 'arduino_ros' build argument 'cmake_clean_cache' from command line to 'False'
[0.445s] Level 5:colcon.colcon_core.verb:set package 'arduino_ros' build argument 'cmake_clean_first' from command line to 'False'
[0.445s] Level 5:colcon.colcon_core.verb:set package 'arduino_ros' build argument 'cmake_force_configure' from command line to 'False'
[0.445s] Level 5:colcon.colcon_core.verb:set package 'arduino_ros' build argument 'ament_cmake_args' from command line to 'None'
[0.445s] Level 5:colcon.colcon_core.verb:set package 'arduino_ros' build argument 'catkin_cmake_args' from command line to 'None'
[0.445s] Level 5:colcon.colcon_core.verb:set package 'arduino_ros' build argument 'catkin_skip_building_tests' from command line to 'False'
[0.445s] DEBUG:colcon.colcon_core.verb:Building package 'arduino_ros' with the following arguments: {'ament_cmake_args': None, 'build_base': '/home/eath/my_ros_bot/build/arduino_ros', 'catkin_cmake_args': None, 'catkin_skip_building_tests': False, 'cmake_args': None, 'cmake_clean_cache': False, 'cmake_clean_first': False, 'cmake_force_configure': False, 'cmake_target': None, 'cmake_target_skip_unavailable': False, 'install_base': '/home/eath/my_ros_bot/install/arduino_ros', 'merge_install': False, 'path': '/home/eath/my_ros_bot/arduino_ros', 'symlink_install': True, 'test_result_base': None}
[0.445s] Level 5:colcon.colcon_core.verb:set package 'move_base' build argument 'cmake_args' from command line to 'None'
[0.445s] Level 5:colcon.colcon_core.verb:set package 'move_base' build argument 'cmake_target' from command line to 'None'
[0.445s] Level 5:colcon.colcon_core.verb:set package 'move_base' build argument 'cmake_target_skip_unavailable' from command line to 'False'
[0.445s] Level 5:colcon.colcon_core.verb:set package 'move_base' build argument 'cmake_clean_cache' from command line to 'False'
[0.445s] Level 5:colcon.colcon_core.verb:set package 'move_base' build argument 'cmake_clean_first' from command line to 'False'
[0.445s] Level 5:colcon.colcon_core.verb:set package 'move_base' build argument 'cmake_force_configure' from command line to 'False'
[0.445s] Level 5:colcon.colcon_core.verb:set package 'move_base' build argument 'ament_cmake_args' from command line to 'None'
[0.445s] Level 5:colcon.colcon_core.verb:set package 'move_base' build argument 'catkin_cmake_args' from command line to 'None'
[0.445s] Level 5:colcon.colcon_core.verb:set package 'move_base' build argument 'catkin_skip_building_tests' from command line to 'False'
[0.445s] DEBUG:colcon.colcon_core.verb:Building package 'move_base' with the following arguments: {'ament_cmake_args': None, 'build_base': '/home/eath/my_ros_bot/build/move_base', 'catkin_cmake_args': None, 'catkin_skip_building_tests': False, 'cmake_args': None, 'cmake_clean_cache': False, 'cmake_clean_first': False, 'cmake_force_configure': False, 'cmake_target': None, 'cmake_target_skip_unavailable': False, 'install_base': '/home/eath/my_ros_bot/install/move_base', 'merge_install': False, 'path': '/home/eath/my_ros_bot/move_base', 'symlink_install': True, 'test_result_base': None}
[0.446s] Level 5:colcon.colcon_core.verb:set package 'ros_bot_camera' build argument 'cmake_args' from command line to 'None'
[0.446s] Level 5:colcon.colcon_core.verb:set package 'ros_bot_camera' build argument 'cmake_target' from command line to 'None'
[0.446s] Level 5:colcon.colcon_core.verb:set package 'ros_bot_camera' build argument 'cmake_target_skip_unavailable' from command line to 'False'
[0.446s] Level 5:colcon.colcon_core.verb:set package 'ros_bot_camera' build argument 'cmake_clean_cache' from command line to 'False'
[0.446s] Level 5:colcon.colcon_core.verb:set package 'ros_bot_camera' build argument 'cmake_clean_first' from command line to 'False'
[0.446s] Level 5:colcon.colcon_core.verb:set package 'ros_bot_camera' build argument 'cmake_force_configure' from command line to 'False'
[0.446s] Level 5:colcon.colcon_core.verb:set package 'ros_bot_camera' build argument 'ament_cmake_args' from command line to 'None'
[0.446s] Level 5:colcon.colcon_core.verb:set package 'ros_bot_camera' build argument 'catkin_cmake_args' from command line to 'None'
[0.446s] Level 5:colcon.colcon_core.verb:set package 'ros_bot_camera' build argument 'catkin_skip_building_tests' from command line to 'False'
[0.446s] DEBUG:colcon.colcon_core.verb:Building package 'ros_bot_camera' with the following arguments: {'ament_cmake_args': None, 'build_base': '/home/eath/my_ros_bot/build/ros_bot_camera', 'catkin_cmake_args': None, 'catkin_skip_building_tests': False, 'cmake_args': None, 'cmake_clean_cache': False, 'cmake_clean_first': False, 'cmake_force_configure': False, 'cmake_target': None, 'cmake_target_skip_unavailable': False, 'install_base': '/home/eath/my_ros_bot/install/ros_bot_camera', 'merge_install': False, 'path': '/home/eath/my_ros_bot/ros_bot_camera', 'symlink_install': True, 'test_result_base': None}
[0.446s] INFO:colcon.colcon_core.executor:Executing jobs using 'parallel' executor
[0.447s] DEBUG:colcon.colcon_parallel_executor.executor.parallel:run_until_complete
[0.447s] INFO:colcon.colcon_ros.task.ament_python.build:Building ROS package in '/home/eath/my_ros_bot/arduino_ros' with build type 'ament_python'
[0.447s] Level 1:colcon.colcon_core.shell:create_environment_hook('arduino_ros', 'ament_prefix_path')
[0.451s] INFO:colcon.colcon_core.plugin_system:Skipping extension 'colcon_core.shell.bat': Not used on non-Windows systems
[0.451s] INFO:colcon.colcon_core.shell:Creating environment hook '/home/eath/my_ros_bot/install/arduino_ros/share/arduino_ros/hook/ament_prefix_path.ps1'
[0.452s] INFO:colcon.colcon_core.shell:Creating environment descriptor '/home/eath/my_ros_bot/install/arduino_ros/share/arduino_ros/hook/ament_prefix_path.dsv'
[0.453s] INFO:colcon.colcon_core.shell:Creating environment hook '/home/eath/my_ros_bot/install/arduino_ros/share/arduino_ros/hook/ament_prefix_path.sh'
[0.453s] INFO:colcon.colcon_core.shell:Skip shell extension 'powershell' for command environment: Not usable outside of PowerShell
[0.453s] DEBUG:colcon.colcon_core.shell:Skip shell extension 'dsv' for command environment
[0.458s] INFO:colcon.colcon_ros.task.ament_python.build:Building ROS package in '/home/eath/my_ros_bot/move_base' with build type 'ament_python'
[0.458s] Level 1:colcon.colcon_core.shell:create_environment_hook('move_base', 'ament_prefix_path')
[0.458s] INFO:colcon.colcon_core.shell:Creating environment hook '/home/eath/my_ros_bot/install/move_base/share/move_base/hook/ament_prefix_path.ps1'
[0.460s] INFO:colcon.colcon_core.shell:Creating environment descriptor '/home/eath/my_ros_bot/install/move_base/share/move_base/hook/ament_prefix_path.dsv'
[0.461s] INFO:colcon.colcon_core.shell:Creating environment hook '/home/eath/my_ros_bot/install/move_base/share/move_base/hook/ament_prefix_path.sh'
[0.463s] INFO:colcon.colcon_core.shell:Skip shell extension 'powershell' for command environment: Not usable outside of PowerShell
[0.463s] DEBUG:colcon.colcon_core.shell:Skip shell extension 'dsv' for command environment
[0.468s] INFO:colcon.colcon_ros.task.ament_python.build:Building ROS package in '/home/eath/my_ros_bot/ros_bot_camera' with build type 'ament_python'
[0.469s] Level 1:colcon.colcon_core.shell:create_environment_hook('ros_bot_camera', 'ament_prefix_path')
[0.469s] INFO:colcon.colcon_core.shell:Creating environment hook '/home/eath/my_ros_bot/install/ros_bot_camera/share/ros_bot_camera/hook/ament_prefix_path.ps1'
[0.470s] INFO:colcon.colcon_core.shell:Creating environment descriptor '/home/eath/my_ros_bot/install/ros_bot_camera/share/ros_bot_camera/hook/ament_prefix_path.dsv'
[0.470s] INFO:colcon.colcon_core.shell:Creating environment hook '/home/eath/my_ros_bot/install/ros_bot_camera/share/ros_bot_camera/hook/ament_prefix_path.sh'
[0.472s] INFO:colcon.colcon_core.shell:Skip shell extension 'powershell' for command environment: Not usable outside of PowerShell
[0.472s] DEBUG:colcon.colcon_core.shell:Skip shell extension 'dsv' for command environment
[0.748s] INFO:colcon.colcon_core.task.python.build:Building Python package in '/home/eath/my_ros_bot/arduino_ros'
[0.748s] INFO:colcon.colcon_core.shell:Skip shell extension 'powershell' for command environment: Not usable outside of PowerShell
[0.748s] DEBUG:colcon.colcon_core.shell:Skip shell extension 'dsv' for command environment
[0.998s] INFO:colcon.colcon_core.task.python.build:Building Python package in '/home/eath/my_ros_bot/move_base'
[0.998s] INFO:colcon.colcon_core.shell:Skip shell extension 'powershell' for command environment: Not usable outside of PowerShell
[0.999s] DEBUG:colcon.colcon_core.shell:Skip shell extension 'dsv' for command environment
[1.258s] INFO:colcon.colcon_core.task.python.build:Building Python package in '/home/eath/my_ros_bot/ros_bot_camera'
[1.258s] INFO:colcon.colcon_core.shell:Skip shell extension 'powershell' for command environment: Not usable outside of PowerShell
[1.258s] DEBUG:colcon.colcon_core.shell:Skip shell extension 'dsv' for command environment
[2.151s] DEBUG:colcon.colcon_core.event_handler.log_command:Invoking command in '/home/eath/my_ros_bot/build/arduino_ros': DEBUGINFOD_URLS=https://debuginfod.ubuntu.com PYTHONPATH=/home/eath/my_ros_bot/build/arduino_ros/prefix_override:/usr/lib/python3/dist-packages/colcon_core/task/python/colcon_distutils_commands:/home/eath/my_ros_bot/install/arduino_ros/lib/python3.12/site-packages:${PYTHONPATH} /usr/bin/python3 -W ignore:setup.py install is deprecated -W ignore:easy_install command is deprecated setup.py develop --editable --build-directory /home/eath/my_ros_bot/build/arduino_ros/build --no-deps symlink_data
[2.172s] DEBUG:colcon.colcon_core.event_handler.log_command:Invoking command in '/home/eath/my_ros_bot/build/ros_bot_camera': DEBUGINFOD_URLS=https://debuginfod.ubuntu.com PYTHONPATH=/home/eath/my_ros_bot/build/ros_bot_camera/prefix_override:/usr/lib/python3/dist-packages/colcon_core/task/python/colcon_distutils_commands:/home/eath/my_ros_bot/install/ros_bot_camera/lib/python3.12/site-packages:${PYTHONPATH} /usr/bin/python3 -W ignore:setup.py install is deprecated -W ignore:easy_install command is deprecated setup.py develop --editable --build-directory /home/eath/my_ros_bot/build/ros_bot_camera/build --no-deps symlink_data
[2.176s] DEBUG:colcon.colcon_core.event_handler.log_command:Invoking command in '/home/eath/my_ros_bot/build/move_base': DEBUGINFOD_URLS=https://debuginfod.ubuntu.com PYTHONPATH=/home/eath/my_ros_bot/build/move_base/prefix_override:/usr/lib/python3/dist-packages/colcon_core/task/python/colcon_distutils_commands:/home/eath/my_ros_bot/install/move_base/lib/python3.12/site-packages:${PYTHONPATH} /usr/bin/python3 -W ignore:setup.py install is deprecated -W ignore:easy_install command is deprecated setup.py develop --editable --build-directory /home/eath/my_ros_bot/build/move_base/build --no-deps symlink_data
[3.197s] Level 1:colcon.colcon_core.shell:create_environment_hook('move_base', 'pythonpath_develop')
[3.198s] INFO:colcon.colcon_core.shell:Creating environment hook '/home/eath/my_ros_bot/build/move_base/share/move_base/hook/pythonpath_develop.ps1'
[3.198s] DEBUG:colcon.colcon_core.event_handler.log_command:Invoked command in '/home/eath/my_ros_bot/build/move_base' returned '0': DEBUGINFOD_URLS=https://debuginfod.ubuntu.com PYTHONPATH=/home/eath/my_ros_bot/build/move_base/prefix_override:/usr/lib/python3/dist-packages/colcon_core/task/python/colcon_distutils_commands:/home/eath/my_ros_bot/install/move_base/lib/python3.12/site-packages:${PYTHONPATH} /usr/bin/python3 -W ignore:setup.py install is deprecated -W ignore:easy_install command is deprecated setup.py develop --editable --build-directory /home/eath/my_ros_bot/build/move_base/build --no-deps symlink_data
[3.199s] INFO:colcon.colcon_core.shell:Creating environment descriptor '/home/eath/my_ros_bot/build/move_base/share/move_base/hook/pythonpath_develop.dsv'
[3.200s] INFO:colcon.colcon_core.shell:Creating environment hook '/home/eath/my_ros_bot/build/move_base/share/move_base/hook/pythonpath_develop.sh'
[3.206s] Level 1:colcon.colcon_core.environment:checking '/home/eath/my_ros_bot/install/move_base' for CMake module files
[3.207s] Level 1:colcon.colcon_core.environment:checking '/home/eath/my_ros_bot/install/move_base' for CMake config files
[3.208s] Level 1:colcon.colcon_core.environment:checking '/home/eath/my_ros_bot/install/move_base/lib'
[3.208s] Level 1:colcon.colcon_core.environment:checking '/home/eath/my_ros_bot/install/move_base/bin'
[3.209s] Level 1:colcon.colcon_core.environment:checking '/home/eath/my_ros_bot/install/move_base/lib/pkgconfig/move_base.pc'
[3.209s] Level 1:colcon.colcon_core.environment:checking '/home/eath/my_ros_bot/install/move_base/lib/python3.12/site-packages'
[3.209s] Level 1:colcon.colcon_core.shell:create_environment_hook('move_base', 'pythonpath')
[3.209s] INFO:colcon.colcon_core.shell:Creating environment hook '/home/eath/my_ros_bot/install/move_base/share/move_base/hook/pythonpath.ps1'
[3.210s] INFO:colcon.colcon_core.shell:Creating environment descriptor '/home/eath/my_ros_bot/install/move_base/share/move_base/hook/pythonpath.dsv'
[3.211s] INFO:colcon.colcon_core.shell:Creating environment hook '/home/eath/my_ros_bot/install/move_base/share/move_base/hook/pythonpath.sh'
[3.212s] Level 1:colcon.colcon_core.environment:checking '/home/eath/my_ros_bot/install/move_base/bin'
[3.212s] Level 1:colcon.colcon_core.environment:create_environment_scripts_only(move_base)
[3.212s] INFO:colcon.colcon_core.shell:Creating package script '/home/eath/my_ros_bot/install/move_base/share/move_base/package.ps1'
[3.214s] INFO:colcon.colcon_core.shell:Creating package descriptor '/home/eath/my_ros_bot/install/move_base/share/move_base/package.dsv'
[3.214s] INFO:colcon.colcon_core.shell:Creating package script '/home/eath/my_ros_bot/install/move_base/share/move_base/package.sh'
[3.216s] INFO:colcon.colcon_core.shell:Creating package script '/home/eath/my_ros_bot/install/move_base/share/move_base/package.bash'
[3.217s] INFO:colcon.colcon_core.shell:Creating package script '/home/eath/my_ros_bot/install/move_base/share/move_base/package.zsh'
[3.218s] Level 1:colcon.colcon_core.environment:create_file_with_runtime_dependencies(/home/eath/my_ros_bot/install/move_base/share/colcon-core/packages/move_base)
[3.220s] Level 1:colcon.colcon_core.shell:create_environment_hook('ros_bot_camera', 'pythonpath_develop')
[3.220s] INFO:colcon.colcon_core.shell:Creating environment hook '/home/eath/my_ros_bot/build/ros_bot_camera/share/ros_bot_camera/hook/pythonpath_develop.ps1'
[3.221s] DEBUG:colcon.colcon_core.event_handler.log_command:Invoked command in '/home/eath/my_ros_bot/build/ros_bot_camera' returned '0': DEBUGINFOD_URLS=https://debuginfod.ubuntu.com PYTHONPATH=/home/eath/my_ros_bot/build/ros_bot_camera/prefix_override:/usr/lib/python3/dist-packages/colcon_core/task/python/colcon_distutils_commands:/home/eath/my_ros_bot/install/ros_bot_camera/lib/python3.12/site-packages:${PYTHONPATH} /usr/bin/python3 -W ignore:setup.py install is deprecated -W ignore:easy_install command is deprecated setup.py develop --editable --build-directory /home/eath/my_ros_bot/build/ros_bot_camera/build --no-deps symlink_data
[3.222s] INFO:colcon.colcon_core.shell:Creating environment descriptor '/home/eath/my_ros_bot/build/ros_bot_camera/share/ros_bot_camera/hook/pythonpath_develop.dsv'
[3.223s] INFO:colcon.colcon_core.shell:Creating environment hook '/home/eath/my_ros_bot/build/ros_bot_camera/share/ros_bot_camera/hook/pythonpath_develop.sh'
[3.223s] Level 1:colcon.colcon_core.environment:checking '/home/eath/my_ros_bot/install/ros_bot_camera' for CMake module files
[3.224s] Level 1:colcon.colcon_core.environment:checking '/home/eath/my_ros_bot/install/ros_bot_camera' for CMake config files
[3.225s] Level 1:colcon.colcon_core.environment:checking '/home/eath/my_ros_bot/install/ros_bot_camera/lib'
[3.225s] Level 1:colcon.colcon_core.environment:checking '/home/eath/my_ros_bot/install/ros_bot_camera/bin'
[3.225s] Level 1:colcon.colcon_core.environment:checking '/home/eath/my_ros_bot/install/ros_bot_camera/lib/pkgconfig/ros_bot_camera.pc'
[3.226s] Level 1:colcon.colcon_core.environment:checking '/home/eath/my_ros_bot/install/ros_bot_camera/lib/python3.12/site-packages'
[3.226s] Level 1:colcon.colcon_core.shell:create_environment_hook('ros_bot_camera', 'pythonpath')
[3.226s] INFO:colcon.colcon_core.shell:Creating environment hook '/home/eath/my_ros_bot/install/ros_bot_camera/share/ros_bot_camera/hook/pythonpath.ps1'
[3.227s] INFO:colcon.colcon_core.shell:Creating environment descriptor '/home/eath/my_ros_bot/install/ros_bot_camera/share/ros_bot_camera/hook/pythonpath.dsv'
[3.227s] INFO:colcon.colcon_core.shell:Creating environment hook '/home/eath/my_ros_bot/install/ros_bot_camera/share/ros_bot_camera/hook/pythonpath.sh'
[3.228s] Level 1:colcon.colcon_core.environment:checking '/home/eath/my_ros_bot/install/ros_bot_camera/bin'
[3.228s] Level 1:colcon.colcon_core.environment:create_environment_scripts_only(ros_bot_camera)
[3.229s] INFO:colcon.colcon_core.shell:Creating package script '/home/eath/my_ros_bot/install/ros_bot_camera/share/ros_bot_camera/package.ps1'
[3.230s] INFO:colcon.colcon_core.shell:Creating package descriptor '/home/eath/my_ros_bot/install/ros_bot_camera/share/ros_bot_camera/package.dsv'
[3.231s] INFO:colcon.colcon_core.shell:Creating package script '/home/eath/my_ros_bot/install/ros_bot_camera/share/ros_bot_camera/package.sh'
[3.232s] INFO:colcon.colcon_core.shell:Creating package script '/home/eath/my_ros_bot/install/ros_bot_camera/share/ros_bot_camera/package.bash'
[3.232s] INFO:colcon.colcon_core.shell:Creating package script '/home/eath/my_ros_bot/install/ros_bot_camera/share/ros_bot_camera/package.zsh'
[3.235s] Level 1:colcon.colcon_core.environment:create_file_with_runtime_dependencies(/home/eath/my_ros_bot/install/ros_bot_camera/share/colcon-core/packages/ros_bot_camera)
[3.254s] Level 1:colcon.colcon_core.shell:create_environment_hook('arduino_ros', 'pythonpath_develop')
[3.255s] INFO:colcon.colcon_core.shell:Creating environment hook '/home/eath/my_ros_bot/build/arduino_ros/share/arduino_ros/hook/pythonpath_develop.ps1'
[3.256s] DEBUG:colcon.colcon_core.event_handler.log_command:Invoked command in '/home/eath/my_ros_bot/build/arduino_ros' returned '0': DEBUGINFOD_URLS=https://debuginfod.ubuntu.com PYTHONPATH=/home/eath/my_ros_bot/build/arduino_ros/prefix_override:/usr/lib/python3/dist-packages/colcon_core/task/python/colcon_distutils_commands:/home/eath/my_ros_bot/install/arduino_ros/lib/python3.12/site-packages:${PYTHONPATH} /usr/bin/python3 -W ignore:setup.py install is deprecated -W ignore:easy_install command is deprecated setup.py develop --editable --build-directory /home/eath/my_ros_bot/build/arduino_ros/build --no-deps symlink_data
[3.258s] INFO:colcon.colcon_core.shell:Creating environment descriptor '/home/eath/my_ros_bot/build/arduino_ros/share/arduino_ros/hook/pythonpath_develop.dsv'
[3.259s] INFO:colcon.colcon_core.shell:Creating environment hook '/home/eath/my_ros_bot/build/arduino_ros/share/arduino_ros/hook/pythonpath_develop.sh'
[3.260s] Level 1:colcon.colcon_core.environment:checking '/home/eath/my_ros_bot/install/arduino_ros' for CMake module files
[3.261s] Level 1:colcon.colcon_core.environment:checking '/home/eath/my_ros_bot/install/arduino_ros' for CMake config files
[3.261s] Level 1:colcon.colcon_core.environment:checking '/home/eath/my_ros_bot/install/arduino_ros/lib'
[3.261s] Level 1:colcon.colcon_core.environment:checking '/home/eath/my_ros_bot/install/arduino_ros/bin'
[3.262s] Level 1:colcon.colcon_core.environment:checking '/home/eath/my_ros_bot/install/arduino_ros/lib/pkgconfig/arduino_ros.pc'
[3.262s] Level 1:colcon.colcon_core.environment:checking '/home/eath/my_ros_bot/install/arduino_ros/lib/python3.12/site-packages'
[3.262s] Level 1:colcon.colcon_core.shell:create_environment_hook('arduino_ros', 'pythonpath')
[3.263s] INFO:colcon.colcon_core.shell:Creating environment hook '/home/eath/my_ros_bot/install/arduino_ros/share/arduino_ros/hook/pythonpath.ps1'
[3.263s] INFO:colcon.colcon_core.shell:Creating environment descriptor '/home/eath/my_ros_bot/install/arduino_ros/share/arduino_ros/hook/pythonpath.dsv'
[3.264s] INFO:colcon.colcon_core.shell:Creating environment hook '/home/eath/my_ros_bot/install/arduino_ros/share/arduino_ros/hook/pythonpath.sh'
[3.265s] Level 1:colcon.colcon_core.environment:checking '/home/eath/my_ros_bot/install/arduino_ros/bin'
[3.265s] Level 1:colcon.colcon_core.environment:create_environment_scripts_only(arduino_ros)
[3.265s] INFO:colcon.colcon_core.shell:Creating package script '/home/eath/my_ros_bot/install/arduino_ros/share/arduino_ros/package.ps1'
[3.266s] INFO:colcon.colcon_core.shell:Creating package descriptor '/home/eath/my_ros_bot/install/arduino_ros/share/arduino_ros/package.dsv'
[3.267s] INFO:colcon.colcon_core.shell:Creating package script '/home/eath/my_ros_bot/install/arduino_ros/share/arduino_ros/package.sh'
[3.267s] INFO:colcon.colcon_core.shell:Creating package script '/home/eath/my_ros_bot/install/arduino_ros/share/arduino_ros/package.bash'
[3.268s] INFO:colcon.colcon_core.shell:Creating package script '/home/eath/my_ros_bot/install/arduino_ros/share/arduino_ros/package.zsh'
[3.268s] Level 1:colcon.colcon_core.environment:create_file_with_runtime_dependencies(/home/eath/my_ros_bot/install/arduino_ros/share/colcon-core/packages/arduino_ros)
[3.269s] DEBUG:colcon.colcon_parallel_executor.executor.parallel:closing loop
[3.269s] DEBUG:colcon.colcon_parallel_executor.executor.parallel:loop closed
[3.269s] DEBUG:colcon.colcon_parallel_executor.executor.parallel:run_until_complete finished with '0'
[3.269s] DEBUG:colcon.colcon_core.event_reactor:joining thread
[3.285s] INFO:colcon.colcon_core.plugin_system:Skipping extension 'colcon_notification.desktop_notification.terminal_notifier': Not used on non-Darwin systems
[3.285s] INFO:colcon.colcon_core.plugin_system:Skipping extension 'colcon_notification.desktop_notification.win32': Not used on non-Windows systems
[3.285s] INFO:colcon.colcon_notification.desktop_notification:Sending desktop notification using 'notify2'
[3.301s] DEBUG:colcon.colcon_core.event_reactor:joined thread
[3.301s] INFO:colcon.colcon_core.shell:Creating prefix script '/home/eath/my_ros_bot/install/local_setup.ps1'
[3.303s] INFO:colcon.colcon_core.shell:Creating prefix util module '/home/eath/my_ros_bot/install/_local_setup_util_ps1.py'
[3.305s] INFO:colcon.colcon_core.shell:Creating prefix chain script '/home/eath/my_ros_bot/install/setup.ps1'
[3.306s] INFO:colcon.colcon_core.shell:Creating prefix script '/home/eath/my_ros_bot/install/local_setup.sh'
[3.307s] INFO:colcon.colcon_core.shell:Creating prefix util module '/home/eath/my_ros_bot/install/_local_setup_util_sh.py'
[3.308s] INFO:colcon.colcon_core.shell:Creating prefix chain script '/home/eath/my_ros_bot/install/setup.sh'
[3.310s] INFO:colcon.colcon_core.shell:Creating prefix script '/home/eath/my_ros_bot/install/local_setup.bash'
[3.311s] INFO:colcon.colcon_core.shell:Creating prefix chain script '/home/eath/my_ros_bot/install/setup.bash'
[3.312s] INFO:colcon.colcon_core.shell:Creating prefix script '/home/eath/my_ros_bot/install/local_setup.zsh'
[3.313s] INFO:colcon.colcon_core.shell:Creating prefix chain script '/home/eath/my_ros_bot/install/setup.zsh'
