[1.702s] Invoking command in '/home/eath/my_ros_bot/build/ros_bot_camera': DEBUGINFOD_URLS=https://debuginfod.ubuntu.com PYTHONPATH=/home/eath/my_ros_bot/build/ros_bot_camera/prefix_override:/usr/lib/python3/dist-packages/colcon_core/task/python/colcon_distutils_commands:/home/eath/my_ros_bot/install/ros_bot_camera/lib/python3.12/site-packages:${PYTHONPATH} /usr/bin/python3 -W ignore:setup.py install is deprecated -W ignore:easy_install command is deprecated setup.py develop --editable --build-directory /home/eath/my_ros_bot/build/ros_bot_camera/build --no-deps symlink_data
[2.149s] running develop
[2.516s] running egg_info
[2.520s] creating ros_bot_camera.egg-info
[2.547s] writing ros_bot_camera.egg-info/PKG-INFO
[2.547s] writing dependency_links to ros_bot_camera.egg-info/dependency_links.txt
[2.547s] writing entry points to ros_bot_camera.egg-info/entry_points.txt
[2.548s] writing requirements to ros_bot_camera.egg-info/requires.txt
[2.548s] writing top-level names to ros_bot_camera.egg-info/top_level.txt
[2.548s] writing manifest file 'ros_bot_camera.egg-info/SOURCES.txt'
[2.628s] reading manifest file 'ros_bot_camera.egg-info/SOURCES.txt'
[2.629s] writing manifest file 'ros_bot_camera.egg-info/SOURCES.txt'
[2.665s] running build_ext
[2.665s] Creating /home/eath/my_ros_bot/install/ros_bot_camera/lib/python3.12/site-packages/ros-bot-camera.egg-link (link to .)
[2.666s] Installing camera_node script to /home/eath/my_ros_bot/install/ros_bot_camera/lib/ros_bot_camera
[2.666s] 
[2.666s] Installed /home/eath/my_ros_bot/build/ros_bot_camera
[2.667s] running symlink_data
[2.667s] creating /home/eath/my_ros_bot/install/ros_bot_camera/share/ament_index
[2.667s] creating /home/eath/my_ros_bot/install/ros_bot_camera/share/ament_index/resource_index
[2.667s] creating /home/eath/my_ros_bot/install/ros_bot_camera/share/ament_index/resource_index/packages
[2.667s] symbolically linking /home/eath/my_ros_bot/build/ros_bot_camera/resource/ros_bot_camera -> /home/eath/my_ros_bot/install/ros_bot_camera/share/ament_index/resource_index/packages
[2.667s] symbolically linking /home/eath/my_ros_bot/build/ros_bot_camera/package.xml -> /home/eath/my_ros_bot/install/ros_bot_camera/share/ros_bot_camera
[2.752s] Invoked command in '/home/eath/my_ros_bot/build/ros_bot_camera' returned '0': DEBUGINFOD_URLS=https://debuginfod.ubuntu.com PYTHONPATH=/home/eath/my_ros_bot/build/ros_bot_camera/prefix_override:/usr/lib/python3/dist-packages/colcon_core/task/python/colcon_distutils_commands:/home/eath/my_ros_bot/install/ros_bot_camera/lib/python3.12/site-packages:${PYTHONPATH} /usr/bin/python3 -W ignore:setup.py install is deprecated -W ignore:easy_install command is deprecated setup.py develop --editable --build-directory /home/eath/my_ros_bot/build/ros_bot_camera/build --no-deps symlink_data
