[1.718s] Invoking command in '/home/eath/my_ros_bot/build/move_base': DEBUGINFOD_URLS=https://debuginfod.ubuntu.com PYTHONPATH=/home/eath/my_ros_bot/build/move_base/prefix_override:/usr/lib/python3/dist-packages/colcon_core/task/python/colcon_distutils_commands:/home/eath/my_ros_bot/install/move_base/lib/python3.12/site-packages:${PYTHONPATH} /usr/bin/python3 -W ignore:setup.py install is deprecated -W ignore:easy_install command is deprecated setup.py develop --editable --build-directory /home/eath/my_ros_bot/build/move_base/build --no-deps symlink_data
[2.175s] running develop
[2.488s] running egg_info
[2.488s] creating move_base.egg-info
[2.531s] writing move_base.egg-info/PKG-INFO
[2.532s] writing dependency_links to move_base.egg-info/dependency_links.txt
[2.533s] writing requirements to move_base.egg-info/requires.txt
[2.534s] writing top-level names to move_base.egg-info/top_level.txt
[2.534s] writing manifest file 'move_base.egg-info/SOURCES.txt'
[2.620s] reading manifest file 'move_base.egg-info/SOURCES.txt'
[2.620s] writing manifest file 'move_base.egg-info/SOURCES.txt'
[2.667s] running build_ext
[2.669s] Creating /home/eath/my_ros_bot/install/move_base/lib/python3.12/site-packages/move-base.egg-link (link to .)
[2.669s] 
[2.669s] Installed /home/eath/my_ros_bot/build/move_base
[2.669s] running symlink_data
[2.669s] creating /home/eath/my_ros_bot/install/move_base/share/ament_index
[2.669s] creating /home/eath/my_ros_bot/install/move_base/share/ament_index/resource_index
[2.670s] creating /home/eath/my_ros_bot/install/move_base/share/ament_index/resource_index/packages
[2.670s] symbolically linking /home/eath/my_ros_bot/build/move_base/resource/move_base -> /home/eath/my_ros_bot/install/move_base/share/ament_index/resource_index/packages
[2.670s] symbolically linking /home/eath/my_ros_bot/build/move_base/package.xml -> /home/eath/my_ros_bot/install/move_base/share/move_base
[2.740s] Invoked command in '/home/eath/my_ros_bot/build/move_base' returned '0': DEBUGINFOD_URLS=https://debuginfod.ubuntu.com PYTHONPATH=/home/eath/my_ros_bot/build/move_base/prefix_override:/usr/lib/python3/dist-packages/colcon_core/task/python/colcon_distutils_commands:/home/eath/my_ros_bot/install/move_base/lib/python3.12/site-packages:${PYTHONPATH} /usr/bin/python3 -W ignore:setup.py install is deprecated -W ignore:easy_install command is deprecated setup.py develop --editable --build-directory /home/eath/my_ros_bot/build/move_base/build --no-deps symlink_data
